This file contains any messages produced by compilers while
running configure, to aid debugging if configure makes a mistake.

It was created by GNU C Library configure (see version.h), which was
generated by GNU Autoconf 2.69.  Invocation command line was

  $ ../configure --prefix=/usr --disable-werror --enable-kernel=3.2 --enable-stack-protector=strong --with-headers=/usr/include libc_cv_slibdir=/usr/lib

## --------- ##
## Platform. ##
## --------- ##

hostname = john-81nc
uname -m = x86_64
uname -r = 6.1.12-1-MANJARO
uname -s = Linux
uname -v = #1 SMP PREEMPT_DYNAMIC Tue Feb 14 21:59:10 UTC 2023

/usr/bin/uname -p = unknown
/bin/uname -X     = unknown

/bin/arch              = unknown
/usr/bin/arch -k       = unknown
/usr/convex/getsysinfo = unknown
/usr/bin/hostinfo      = unknown
/bin/machine           = unknown
/usr/bin/oslevel       = unknown
/bin/universe          = unknown

PATH: /usr/bin
PATH: /usr/sbin


## ----------- ##
## Core tests. ##
## ----------- ##

configure:2250: checking build system type
configure:2264: result: x86_64-pc-linux-gnu
configure:2284: checking host system type
configure:2297: result: x86_64-pc-linux-gnu
configure:2366: checking for gcc
configure:2382: found /usr/bin/gcc
configure:2393: result: gcc
configure:2622: checking for C compiler version
configure:2631: gcc --version >&5
gcc (GCC) 12.2.0
Copyright (C) 2022 Free Software Foundation, Inc.
This is free software; see the source for copying conditions.  There is NO
warranty; not even for MERCHANTABILITY or FITNESS FOR A PARTICULAR PURPOSE.

configure:2642: $? = 0
configure:2631: gcc -v >&5
Using built-in specs.
COLLECT_GCC=gcc
COLLECT_LTO_WRAPPER=/usr/libexec/gcc/x86_64-lfs-linux-gnu/12.2.0/lto-wrapper
Target: x86_64-lfs-linux-gnu
Configured with: ../configure --build=x86_64-pc-linux-gnu --host=x86_64-lfs-linux-gnu --target=x86_64-lfs-linux-gnu LDFLAGS_FOR_TARGET=-L/mnt/lfs/sources/gcc-12.2.0/build/x86_64-lfs-linux-gnu/libgcc --prefix=/usr --with-build-sysroot=/mnt/lfs --enable-default-pie --enable-default-ssp --disable-nls --disable-multilib --disable-libatomic --disable-libgomp --disable-libquadmath --disable-libssp --disable-libvtv --enable-languages=c,c++
Thread model: posix
Supported LTO compression algorithms: zlib
gcc version 12.2.0 (GCC) 
configure:2642: $? = 0
configure:2631: gcc -V >&5
gcc: error: unrecognized command-line option '-V'
gcc: fatal error: no input files
compilation terminated.
configure:2642: $? = 1
configure:2631: gcc -qversion >&5
gcc: error: unrecognized command-line option '-qversion'; did you mean '--version'?
gcc: fatal error: no input files
compilation terminated.
configure:2642: $? = 1
configure:2647: checking for suffix of object files
configure:2669: gcc -c   conftest.c >&5
configure:2673: $? = 0
configure:2694: result: o
configure:2698: checking whether we are using the GNU C compiler
configure:2717: gcc -c   conftest.c >&5
configure:2717: $? = 0
configure:2726: result: yes
configure:2735: checking whether gcc accepts -g
configure:2755: gcc -c -g  conftest.c >&5
configure:2755: $? = 0
configure:2796: result: yes
configure:2933: checking for g++
configure:2949: found /usr/bin/g++
configure:2960: result: g++
configure:2987: checking for C++ compiler version
configure:2996: g++ --version >&5
g++ (GCC) 12.2.0
Copyright (C) 2022 Free Software Foundation, Inc.
This is free software; see the source for copying conditions.  There is NO
warranty; not even for MERCHANTABILITY or FITNESS FOR A PARTICULAR PURPOSE.

configure:3007: $? = 0
configure:2996: g++ -v >&5
Using built-in specs.
COLLECT_GCC=g++
COLLECT_LTO_WRAPPER=/usr/libexec/gcc/x86_64-lfs-linux-gnu/12.2.0/lto-wrapper
Target: x86_64-lfs-linux-gnu
Configured with: ../configure --build=x86_64-pc-linux-gnu --host=x86_64-lfs-linux-gnu --target=x86_64-lfs-linux-gnu LDFLAGS_FOR_TARGET=-L/mnt/lfs/sources/gcc-12.2.0/build/x86_64-lfs-linux-gnu/libgcc --prefix=/usr --with-build-sysroot=/mnt/lfs --enable-default-pie --enable-default-ssp --disable-nls --disable-multilib --disable-libatomic --disable-libgomp --disable-libquadmath --disable-libssp --disable-libvtv --enable-languages=c,c++
Thread model: posix
Supported LTO compression algorithms: zlib
gcc version 12.2.0 (GCC) 
configure:3007: $? = 0
configure:2996: g++ -V >&5
g++: error: unrecognized command-line option '-V'
g++: fatal error: no input files
compilation terminated.
configure:3007: $? = 1
configure:2996: g++ -qversion >&5
g++: error: unrecognized command-line option '-qversion'; did you mean '--version'?
g++: fatal error: no input files
compilation terminated.
configure:3007: $? = 1
configure:3011: checking whether we are using the GNU C++ compiler
configure:3030: g++ -c   conftest.cpp >&5
configure:3030: $? = 0
configure:3039: result: yes
configure:3048: checking whether g++ accepts -g
configure:3068: g++ -c -g  conftest.cpp >&5
configure:3068: $? = 0
configure:3109: result: yes
configure:3134: checking whether g++ can link programs
configure:3157: g++ -o conftest -g -O2   conftest.cpp  >&5
configure:3157: $? = 0
configure:3180: g++ -o conftest -g -O2   -static conftest.cpp  >&5
configure:3180: $? = 0
configure:3195: result: yes
configure:3735: gcc -E  conftest.c
conftest.c:19:3: error: #error no CET compiler support
   19 | # error no CET compiler support
      |   ^~~~~
configure:3735: $? = 1
configure: failed program was:
| /* confdefs.h */
| #define PACKAGE_NAME "GNU C Library"
| #define PACKAGE_TARNAME "glibc"
| #define PACKAGE_VERSION "(see version.h)"
| #define PACKAGE_STRING "GNU C Library (see version.h)"
| #define PACKAGE_BUGREPORT "https://sourceware.org/bugzilla/"
| #define PACKAGE_URL "https://www.gnu.org/software/glibc/"
| #define PKGVERSION "(GNU libc) "
| #define REPORT_BUGS_TO "<https://www.gnu.org/software/libc/bugs.html>"
| #define TIMEOUTFACTOR 1
| #define HAVE_TUNABLES 1
| /* end confdefs.h.  */
| 
| int
| main ()
| {
| 
| #ifndef __CET__
| # error no CET compiler support
| #endif
|   ;
|   return 0;
| }
configure:3807: checking for sysdeps preconfigure fragments
configure:6: checking for grep that handles long lines and -e
configure:64: result: /usr/bin/grep
configure:69: checking for egrep
configure:131: result: /usr/bin/grep -E
configure:6: checking for grep that handles long lines and -e
configure:64: result: /usr/bin/grep
configure:69: checking for egrep
configure:131: result: /usr/bin/grep -E
configure:9: checking whether gcc compiles in -mx32 mode by default
configure:27: gcc -c -g -O2  conftest.c >&5
conftest.c:15:3: error: #error not x32
   15 | # error not x32
      |   ^~~~~
configure:27: $? = 1
configure: failed program was:
| /* confdefs.h */
| #define PACKAGE_NAME "GNU C Library"
| #define PACKAGE_TARNAME "glibc"
| #define PACKAGE_VERSION "(see version.h)"
| #define PACKAGE_STRING "GNU C Library (see version.h)"
| #define PACKAGE_BUGREPORT "https://sourceware.org/bugzilla/"
| #define PACKAGE_URL "https://www.gnu.org/software/glibc/"
| #define PKGVERSION "(GNU libc) "
| #define REPORT_BUGS_TO "<https://www.gnu.org/software/libc/bugs.html>"
| #define TIMEOUTFACTOR 1
| #define HAVE_TUNABLES 1
| #define USE_PPC_SCV 1
| /* end confdefs.h.  */
| #ifndef __ILP32__
| # error not x32
| #endif
| int
| main ()
| {
| 
|   ;
|   return 0;
| }
configure:34: result: no
configure:3814: result: 
configure:3859: checking for a BSD-compatible install
configure:3927: result: /usr/bin/install -c
configure:3942: checking whether ln -s works
configure:3946: result: yes
configure:4134: checking for /usr/lib/gcc/x86_64-lfs-linux-gnu/12.2.0/../../../../x86_64-lfs-linux-gnu/bin/ld
configure:4161: result: /usr/lib/gcc/x86_64-lfs-linux-gnu/12.2.0/../../../../x86_64-lfs-linux-gnu/bin/ld
configure:4176: checking version of /usr/lib/gcc/x86_64-lfs-linux-gnu/12.2.0/../../../../x86_64-lfs-linux-gnu/bin/ld
configure:4186: result: 2.40, ok
configure:4203: checking for gnumake
configure:4233: result: no
configure:4203: checking for gmake
configure:4233: result: no
configure:4203: checking for make
configure:4219: found /usr/bin/make
configure:4230: result: make
configure:4245: checking version of make
configure:4255: result: 4.4, ok
configure:4267: checking for gnumsgfmt
configure:4297: result: no
configure:4267: checking for gmsgfmt
configure:4297: result: no
configure:4267: checking for msgfmt
configure:4283: found /usr/bin/msgfmt
configure:4294: result: msgfmt
configure:4309: checking version of msgfmt
configure:4319: result: 0.21.1, ok
configure:4330: checking for makeinfo
configure:4346: found /usr/bin/makeinfo
configure:4357: result: makeinfo
configure:4372: checking version of makeinfo
configure:4382: result: 7.0.2, ok
configure:4393: checking for sed
configure:4409: found /usr/bin/sed
configure:4420: result: sed
configure:4435: checking version of sed
configure:4445: result: 4.9, ok
configure:4456: checking for gawk
configure:4472: found /usr/bin/gawk
configure:4483: result: gawk
configure:4498: checking version of gawk
configure:4508: result: 5.2.1, ok
configure:4519: checking for bison
configure:4535: found /usr/bin/bison
configure:4546: result: bison
configure:4561: checking version of bison
configure:4571: result: 3.8.2, ok
configure:4579: checking if gcc is sufficient to build libc
configure:4599: gcc -E  conftest.c
configure:4599: $? = 0
configure:4606: result: yes
configure:4687: checking for python3
configure:4703: found /usr/bin/python3
configure:4714: result: python3
configure:4729: checking version of python3
configure:4739: result: 3.11.2, ok
configure:4764: checking for use of fpu sysdeps directories
configure:4783: result: yes
configure:4787: checking for -fstack-protector
configure:4793: gcc -g -O2  -Werror -fstack-protector -xc /dev/null -S -o /dev/null
configure:4796: $? = 0
configure:4804: result: yes
configure:4807: checking for -fstack-protector-strong
configure:4813: gcc -g -O2  -Werror -fstack-protector-strong -xc /dev/null -S -o /dev/null
configure:4816: $? = 0
configure:4824: result: yes
configure:4827: checking for -fstack-protector-all
configure:4833: gcc -g -O2  -Werror -fstack-protector-all -xc /dev/null -S -o /dev/null
configure:4836: $? = 0
configure:4844: result: yes
configure:4887: checking for assembler and linker STT_GNU_IFUNC support

Relocation section '.rela.dyn' at offset 0x2a0 contains 1 entry:
  Offset          Info           Type           Sym. Value    Sym. Name + Addend
000000002000  000000000025 R_X86_64_IRELATIV                    1000
configure:4918: result: yes
configure:4922: checking for gcc attribute ifunc support
configure:4948: result: yes
configure:4953: checking whether the linker supports textrels along with ifunc
configure:4983: gcc -g -O2   -nostartfiles -nostdlib -fno-stack-protector -pie -o conftest conftest.S
/usr/lib/gcc/x86_64-lfs-linux-gnu/12.2.0/../../../../x86_64-lfs-linux-gnu/bin/ld: /tmp/ccAWnjxs.o: warning: relocation against `address' in read-only section `.text'
/usr/lib/gcc/x86_64-lfs-linux-gnu/12.2.0/../../../../x86_64-lfs-linux-gnu/bin/ld: warning: GNU indirect functions with DT_TEXTREL may result in a segfault at runtime; recompile with -fPIE
/usr/lib/gcc/x86_64-lfs-linux-gnu/12.2.0/../../../../x86_64-lfs-linux-gnu/bin/ld: warning: creating DT_TEXTREL in a PIE
configure:4986: $? = 0
configure:4993: result: yes
configure:4998: checking for GNU attribute retain support
configure:5013: result: yes
configure:5023: checking if compiler warns about alias for function with incompatible types
conftest.c:9:34: error: 'foo_alias' alias between functions of incompatible types 'int(const void *, int)' and 'int (*(void))(const void *, int)' [-Werror=attribute-alias=]
    9 | extern __typeof (__redirect_foo) foo_alias __attribute__ ((alias ("foo")));
      |                                  ^~~~~~~~~
conftest.c:4:28: note: aliased declaration here
    4 | __typeof (__redirect_foo) *foo_impl (void)
      |                            ^~~~~~~~
cc1: all warnings being treated as errors
configure:5045: result: yes
configure:5083: checking sysdep dirs
configure:5281: result: sysdeps/generic
configure:5329: checking LD_LIBRARY_PATH variable
configure:5339: result: ok
configure:5350: checking for bash
configure:5368: found /usr/bin/bash
configure:5381: result: /usr/bin/bash
configure:5392: checking for perl
configure:5410: found /usr/bin/perl
configure:5423: result: /usr/bin/perl
configure:5437: checking for install-info
configure:5456: found /usr/bin/install-info
configure:5469: result: /usr/bin/install-info
configure:5478: checking for .set assembler directive
/usr/lib/gcc/x86_64-lfs-linux-gnu/12.2.0/../../../../x86_64-lfs-linux-gnu/bin/ld: warning: /tmp/ccDsj68t.o: missing .note.GNU-stack section implies executable stack
/usr/lib/gcc/x86_64-lfs-linux-gnu/12.2.0/../../../../x86_64-lfs-linux-gnu/bin/ld: NOTE: This behaviour is deprecated and will be removed in a future version of the linker
configure:5504: result: yes
configure:5511: checking linker support for protected data symbol
configure:5521: gcc -nostdlib -nostartfiles -fno-stack-protector -fPIC -shared conftest.c -o conftest.so
configure:5524: $? = 0
configure:5531: gcc -nostdlib -nostartfiles -fno-stack-protector conftest.c -o conftest conftest.so
/usr/lib/gcc/x86_64-lfs-linux-gnu/12.2.0/../../../../x86_64-lfs-linux-gnu/bin/ld: /tmp/ccOp2K7H.o: copy relocation against non-copyable protected symbol `bar' in conftest.so
collect2: error: ld returned 1 exit status
configure:5534: $? = 1
configure:5542: result: no
configure:5546: checking linker support for INSERT in linker script
configure:5564: gcc -nostdlib -nostartfiles -fno-stack-protector -fPIC -shared conftest.c -Wl,-T,conftest.t -o conftest.so
configure:5567: $? = 0
configure:5574: result: yes
configure:5578: checking for broken __attribute__((alias()))
configure:5593: gcc -Werror -S conftest.c -o conftest.s 1>&5
configure:5596: $? = 0
configure:5606: result: no
configure:5612: checking whether to put _rtld_local into .sdata section
configure:5626: result: no
configure:5633: checking for libunwind-support in compiler
configure:5650: result: no
configure:5659: checking whether --noexecstack is desirable for .S files
configure:5669: gcc -g -O2 
		   -S -o conftest.s conftest.c 1>&5
configure:5672: $? = 0
configure:5677: gcc  -Wa,--noexecstack
		      -c -o conftest.o conftest.s 1>&5
configure:5680: $? = 0
configure:5689: result: yes
configure:5696: checking for linker that supports -z execstack
configure:5706: gcc -g -O2   -fno-stack-protector
		  -Wl,-z,execstack -nostdlib -nostartfiles
		  -fPIC -shared -o conftest.so conftest.c
		  1>&5
configure:5709: $? = 0
configure:5726: result: yes
configure:5730: checking for linker that supports -z start-stop-gc
configure:5740: gcc -g -O2   -fno-stack-protector
		  -Wl,-z,start-stop-gc -nostdlib -nostartfiles
		  -fPIC -shared -o conftest.so conftest.c
		  1>&5
configure:5743: $? = 0
configure:5760: result: yes
configure:5765: checking for linker that supports --depaudit
configure:5775: gcc -g -O2   -fno-stack-protector
		  -Wl,--depaudit,x -nostdlib -nostartfiles
		  -fPIC -shared -o conftest.so conftest.c
		  1>&5
configure:5778: $? = 0
configure:5795: result: yes
configure:5800: checking for linker that supports -z pack-relative-relocs
configure:5810: gcc -g -O2   -fno-stack-protector
		  -Wl,-z,pack-relative-relocs -nostdlib -nostartfiles
		  -fPIC -shared -o conftest.so conftest.c
		  1>&5
configure:5813: $? = 0
configure:5830: result: yes
configure:5835: checking for linker that supports --no-dynamic-linker
configure:5845: gcc -g -O2   -fno-stack-protector
		  -Wl,--no-dynamic-linker -nostdlib -nostartfiles
		  -fPIC -shared -o conftest.so conftest.c
		  1>&5
configure:5848: $? = 0
configure:5865: result: yes
configure:5870: checking for -static-pie
configure:5876: gcc -static-pie -xc /dev/null -S -o /dev/null
configure:5879: $? = 0
configure:5887: result: yes
configure:5892: checking for -fpie
configure:5898: gcc -fpie -xc /dev/null -S -o /dev/null
configure:5901: $? = 0
configure:5909: result: yes
configure:5914: checking for GLOB_DAT reloc
configure:5927: gcc -g -O2  
			-fPIC -shared -o conftest.so conftest.c
			-nostdlib -nostartfiles -fno-stack-protector
			1>&5
configure:5930: $? = 0
configure:5943: result: yes
configure:5947: checking for -mtls-dialect=gnu2
configure:5961: gcc -g -O2  -fPIC -mtls-dialect=gnu2 -nostdlib -nostartfiles
		   conftest.c -o conftest 1>&5
/usr/lib/gcc/x86_64-lfs-linux-gnu/12.2.0/../../../../x86_64-lfs-linux-gnu/bin/ld: warning: cannot find entry symbol _start; defaulting to 0000000000001000
configure:5964: $? = 0
configure:5973: result: yes
configure:5979: checking if -Wno-ignored-attributes is required for aliases
configure:5993: gcc -g -O2  -Werror -c conftest.c
configure:5996: $? = 0
configure:6003: result: 
configure:6008: checking whether cc puts quotes around section names
configure:6029: result: no
configure:6036: checking for __builtin_memset
configure:6048: gcc -O3 -S conftest.c -o - | grep -F memset > /dev/null
configure:6051: $? = 1
configure:6060: result: yes
configure:6067: checking for redirection of built-in functions
configure:6080: gcc -O3 -S conftest.c -o - | grep -F my_strstr > /dev/null
configure:6083: $? = 0
configure:6092: result: yes
configure:6098: checking for compiler option to disable generation of FMA instructions
configure:6106: gcc -ffp-contract=off -xc /dev/null -S -o /dev/null
configure:6109: $? = 0
configure:6115: result: -ffp-contract=off
configure:6147: checking for compiler option that -fsignaling-nans
configure:6153: gcc -Werror -fsignaling-nans -xc /dev/null -S -o /dev/null
configure:6156: $? = 0
configure:6164: result: -fsignaling-nans
configure:6170: checking if gcc accepts -fno-tree-loop-distribute-patterns with __attribute__ ((__optimize__))
configure:6183: gcc -g -O2  -c conftest.c
configure:6186: $? = 0
configure:6193: result: yes
configure:6201: checking for libgd
configure:6221: gcc -o conftest -g -O2     conftest.c  -lgd -lpng -lz -lm >&5
conftest.c:21:10: fatal error: gd.h: No such file or directory
   21 | #include <gd.h>
      |          ^~~~~~
compilation terminated.
configure:6221: $? = 1
configure: failed program was:
| /* confdefs.h */
| #define PACKAGE_NAME "GNU C Library"
| #define PACKAGE_TARNAME "glibc"
| #define PACKAGE_VERSION "(see version.h)"
| #define PACKAGE_STRING "GNU C Library (see version.h)"
| #define PACKAGE_BUGREPORT "https://sourceware.org/bugzilla/"
| #define PACKAGE_URL "https://www.gnu.org/software/glibc/"
| #define PKGVERSION "(GNU libc) "
| #define REPORT_BUGS_TO "<https://www.gnu.org/software/libc/bugs.html>"
| #define TIMEOUTFACTOR 1
| #define HAVE_TUNABLES 1
| #define USE_PPC_SCV 1
| #define HAVE_CC_NO_STACK_PROTECTOR 1
| #define STACK_PROTECTOR_LEVEL 3
| #define HAVE_GNU_RETAIN 1
| #define USE_MULTIARCH 1
| #define HAVE_ASM_SET_DIRECTIVE 1
| #define HAVE_BUILTIN_MEMSET 1
| #define HAVE_CC_INHIBIT_LOOP_TO_LIBCALL 1
| /* end confdefs.h.  */
| #include <gd.h>
| int
| main ()
| {
| gdImagePng (0, 0)
|   ;
|   return 0;
| }
configure:6234: result: no
configure:6243: checking for is_selinux_enabled in -lselinux
configure:6268: gcc -o conftest -g -O2   conftest.c -lselinux   >&5
/usr/lib/gcc/x86_64-lfs-linux-gnu/12.2.0/../../../../x86_64-lfs-linux-gnu/bin/ld: cannot find -lselinux: No such file or directory
collect2: error: ld returned 1 exit status
configure:6268: $? = 1
configure: failed program was:
| /* confdefs.h */
| #define PACKAGE_NAME "GNU C Library"
| #define PACKAGE_TARNAME "glibc"
| #define PACKAGE_VERSION "(see version.h)"
| #define PACKAGE_STRING "GNU C Library (see version.h)"
| #define PACKAGE_BUGREPORT "https://sourceware.org/bugzilla/"
| #define PACKAGE_URL "https://www.gnu.org/software/glibc/"
| #define PKGVERSION "(GNU libc) "
| #define REPORT_BUGS_TO "<https://www.gnu.org/software/libc/bugs.html>"
| #define TIMEOUTFACTOR 1
| #define HAVE_TUNABLES 1
| #define USE_PPC_SCV 1
| #define HAVE_CC_NO_STACK_PROTECTOR 1
| #define STACK_PROTECTOR_LEVEL 3
| #define HAVE_GNU_RETAIN 1
| #define USE_MULTIARCH 1
| #define HAVE_ASM_SET_DIRECTIVE 1
| #define HAVE_BUILTIN_MEMSET 1
| #define HAVE_CC_INHIBIT_LOOP_TO_LIBCALL 1
| /* end confdefs.h.  */
| 
| /* Override any GCC internal prototype to avoid an error.
|    Use char because int might match the return type of a GCC
|    builtin and then its argument prototype would still apply.  */
| #ifdef __cplusplus
| extern "C"
| #endif
| char is_selinux_enabled ();
| int
| main ()
| {
| return is_selinux_enabled ();
|   ;
|   return 0;
| }
configure:6277: result: no
configure:6400: checking for _FORTIFY_SOURCE predefine
configure:6419: gcc -c -g -O2  conftest.c >&5
configure:6419: $? = 0
configure:6426: result: no
configure:6433: checking whether the assembler requires one version per symbol
configure:6454: result: no
configure:6461: checking for __builtin_trap with no external dependencies
configure:6478: gcc -c -g -O2  conftest.c >&5
configure:6478: $? = 0
libc_undefs=''
configure:6492: result: yes
configure:6506: checking whether the C++ compiler supports thread_local
configure:6534: g++ -c -g -O2 -std=gnu++11  conftest.cpp >&5
configure:6534: $? = 0
configure:6543: result: yes
configure:6574: result: running configure fragment for sysdeps/unix/sysv/linux/x86_64/64
configure:6574: result: running configure fragment for sysdeps/unix/sysv/linux/x86_64
configure:6574: result: running configure fragment for sysdeps/unix/sysv/linux
configure:10: checking installed Linux kernel header files
configure:29: gcc -E  -nostdinc -isystem /usr/lib/gcc/x86_64-lfs-linux-gnu/12.2.0/include -isystem /usr/lib/gcc/x86_64-lfs-linux-gnu/12.2.0/include-fixed -isystem /usr/include conftest.c
configure:29: $? = 0
configure:36: result: 3.2.0 or later
configure:70: checking for kernel header at least 3.2
configure:89: gcc -E  -nostdinc -isystem /usr/lib/gcc/x86_64-lfs-linux-gnu/12.2.0/include -isystem /usr/lib/gcc/x86_64-lfs-linux-gnu/12.2.0/include-fixed -isystem /usr/include conftest.c
configure:89: $? = 0
configure:95: result: ok
configure:148: checking for symlinks in /usr/include
configure:165: result: ok
configure:6574: result: running configure fragment for sysdeps/gnu
configure:6574: result: running configure fragment for sysdeps/x86_64
configure:4: checking -mprefer-vector-width=128
configure:10: gcc -mprefer-vector-width=128 -xc /dev/null -S -o /dev/null
configure:13: $? = 0
configure:21: result: yes
configure:6574: result: running configure fragment for sysdeps/x86
configure:73: checking for linker x86 ISA level support
configure:130: gcc -g -O2  -nostartfiles -nostdlib -r -o conftest conftest1.S conftest2.S
configure:133: $? = 0
configure:142: result: yes
configure:147: checking for LAHF/SAHF instruction support
configure:154: gcc -g -O2  -fverbose-asm -S -o - -x c /dev/null
configure:157: $? = 0
configure:162: result: no
configure:168: checking for MOVBE instruction support
configure:175: gcc -g -O2  -fverbose-asm -S -o - -x c /dev/null
configure:178: $? = 0
configure:183: result: no
configure:6639: checking whether -fPIC is default
conftest.c:2:3: error: #error PIC is default.
    2 | # error PIC is default.
      |   ^~~~~
configure:6655: result: yes
configure:6660: checking whether -fPIE is default
conftest.c:2:3: error: #error PIE is default.
    2 | # error PIE is default.
      |   ^~~~~
configure:6676: result: yes
configure:6681: checking if we can build programs as PIE
configure:6689: gcc -c -g -O2  conftest.c >&5
configure:6689: $? = 0
configure:6695: result: yes
configure:6707: checking if we can build static PIE programs
configure:6718: gcc -c -g -O2  conftest.c >&5
configure:6718: $? = 0
configure:6725: result: yes
configure:6875: creating ./config.status

## ---------------------- ##
## Running config.status. ##
## ---------------------- ##

This file was extended by GNU C Library config.status (see version.h), which was
generated by GNU Autoconf 2.69.  Invocation command line was

  CONFIG_FILES    = 
  CONFIG_HEADERS  = 
  CONFIG_LINKS    = 
  CONFIG_COMMANDS = 
  $ ./config.status 

on john-81nc

config.status:962: creating config.make
config.status:962: creating Makefile
config.status:962: creating config.h
config.status:1136: executing default commands

## ---------------- ##
## Cache variables. ##
## ---------------- ##

ac_cv_build=x86_64-pc-linux-gnu
ac_cv_c_compiler_gnu=yes
ac_cv_cxx_compiler_gnu=yes
ac_cv_env_CCC_set=
ac_cv_env_CCC_value=
ac_cv_env_CC_set=
ac_cv_env_CC_value=
ac_cv_env_CFLAGS_set=
ac_cv_env_CFLAGS_value=
ac_cv_env_CPPFLAGS_set=
ac_cv_env_CPPFLAGS_value=
ac_cv_env_CPP_set=
ac_cv_env_CPP_value=
ac_cv_env_CXXFLAGS_set=
ac_cv_env_CXXFLAGS_value=
ac_cv_env_CXX_set=
ac_cv_env_CXX_value=
ac_cv_env_LDFLAGS_set=
ac_cv_env_LDFLAGS_value=
ac_cv_env_LIBS_set=
ac_cv_env_LIBS_value=
ac_cv_env_build_alias_set=
ac_cv_env_build_alias_value=
ac_cv_env_host_alias_set=
ac_cv_env_host_alias_value=
ac_cv_env_target_alias_set=
ac_cv_env_target_alias_value=
ac_cv_host=x86_64-pc-linux-gnu
ac_cv_lib_selinux_is_selinux_enabled=no
ac_cv_objext=o
ac_cv_path_BASH_SHELL=/usr/bin/bash
ac_cv_path_EGREP='/usr/bin/grep -E'
ac_cv_path_GREP=/usr/bin/grep
ac_cv_path_INSTALL_INFO=/usr/bin/install-info
ac_cv_path_PERL=/usr/bin/perl
ac_cv_path_install='/usr/bin/install -c'
ac_cv_prog_AWK=gawk
ac_cv_prog_BISON=bison
ac_cv_prog_LD=/usr/lib/gcc/x86_64-lfs-linux-gnu/12.2.0/../../../../x86_64-lfs-linux-gnu/bin/ld
ac_cv_prog_MAKE=make
ac_cv_prog_MAKEINFO=makeinfo
ac_cv_prog_MSGFMT=msgfmt
ac_cv_prog_PYTHON_PROG=python3
ac_cv_prog_SED=sed
ac_cv_prog_ac_ct_CC=gcc
ac_cv_prog_ac_ct_CXX=g++
ac_cv_prog_cc_g=yes
ac_cv_prog_cxx_g=yes
libc_cv_as_noexecstack=yes
libc_cv_asm_set_directive=yes
libc_cv_broken_alias_attribute=no
libc_cv_builtin_trap=yes
libc_cv_cc_loop_to_function=yes
libc_cv_cc_mprefer_vector_width=yes
libc_cv_cc_nofma=-ffp-contract=off
libc_cv_cc_pie_default=yes
libc_cv_cc_signaling_nans=-fsignaling-nans
libc_cv_cc_with_libunwind=no
libc_cv_compiler_default_cet=no
libc_cv_compiler_ok=yes
libc_cv_cxx_link_ok=yes
libc_cv_cxx_thread_local=yes
libc_cv_depaudit=yes
libc_cv_dt_relr=yes
libc_cv_fpie=yes
libc_cv_gcc_builtin_memset=yes
libc_cv_gcc_builtin_redirection=yes
libc_cv_gcc_incompatible_alias=yes
libc_cv_gcc_indirect_function=yes
libc_cv_gcc_unwind_find_fde=no
libc_cv_gnu_retain=yes
libc_cv_has_glob_dat=yes
libc_cv_have_sdata_section=no
libc_cv_have_section_quotes=no
libc_cv_have_x86_lahf_sahf=no
libc_cv_have_x86_movbe=no
libc_cv_idn=no
libc_cv_include_x86_isa_level=yes
libc_cv_insert=yes
libc_cv_ld_gnu_indirect_function=yes
libc_cv_linux320='3.2.0 or later'
libc_cv_localstatedir=/var
libc_cv_mtls_dialect_gnu2=yes
libc_cv_multidir=.
libc_cv_no_dynamic_linker=yes
libc_cv_nss_crypt=no
libc_cv_pic_default=yes
libc_cv_pie_supported=yes
libc_cv_predef_fortify_source=no
libc_cv_protected_data=no
libc_cv_rootsbindir=/sbin
libc_cv_slibdir=/usr/lib
libc_cv_ssp=yes
libc_cv_ssp_all=yes
libc_cv_ssp_strong=yes
libc_cv_static_nss_crypt=no
libc_cv_static_pie=yes
libc_cv_static_pie_supported=yes
libc_cv_symver_needs_alias=no
libc_cv_sysconfdir=/etc
libc_cv_textrel_ifunc=yes
libc_cv_with_fp=yes
libc_cv_with_lld=no
libc_cv_wno_ignored_attributes=
libc_cv_x32=no
libc_cv_z_execstack=yes
libc_cv_z_start_stop_gc=yes

## ----------------- ##
## Output variables. ##
## ----------------- ##

AR='/usr/lib/gcc/x86_64-lfs-linux-gnu/12.2.0/../../../../x86_64-lfs-linux-gnu/bin/ar'
ASFLAGS_config=' -Wa,--noexecstack'
AUTOCONF='no'
AWK='gawk'
BASH_SHELL='/usr/bin/bash'
BISON='bison'
BUILD_CC=''
CC='gcc'
CFLAGS='-g -O2'
CPP='gcc -E'
CPPFLAGS=''
CPPUNDEFS=''
CXX='g++'
CXXFLAGS='-g -O2'
CXX_BITS_STD_ABS_H='/usr/include/c++/12.2.0/bits/std_abs.h'
CXX_CMATH_HEADER='/usr/include/c++/12.2.0/cmath'
CXX_CSTDLIB_HEADER='/usr/include/c++/12.2.0/cstdlib'
CXX_SYSINCLUDES=' -isystem /usr/lib/gcc/x86_64-lfs-linux-gnu/12.2.0/../../../../include/c++/12.2.0 -isystem /usr/lib/gcc/x86_64-lfs-linux-gnu/12.2.0/../../../../include/c++/12.2.0/x86_64-lfs-linux-gnu -isystem /usr/lib/gcc/x86_64-lfs-linux-gnu/12.2.0/../../../../include/c++/12.2.0/backward'
DEFINES=''
DEFS='-DHAVE_CONFIG_H'
ECHO_C=''
ECHO_N='-n'
ECHO_T=''
GPROF='gprof'
INSTALL_DATA='${INSTALL} -m 644'
INSTALL_INFO='/usr/bin/install-info'
INSTALL_PROGRAM='${INSTALL}'
INSTALL_SCRIPT='${INSTALL}'
LD='/usr/lib/gcc/x86_64-lfs-linux-gnu/12.2.0/../../../../x86_64-lfs-linux-gnu/bin/ld'
LDFLAGS=''
LIBGD='no'
LIBOBJS=''
LIBS=''
LN_S='ln -s'
LTLIBOBJS=''
MAKE='make'
MAKEINFO='makeinfo'
MSGFMT='msgfmt'
NM='/usr/lib/gcc/x86_64-lfs-linux-gnu/12.2.0/../../../../x86_64-lfs-linux-gnu/bin/nm'
OBJCOPY='/usr/lib/gcc/x86_64-lfs-linux-gnu/12.2.0/../../../../x86_64-lfs-linux-gnu/bin/objcopy'
OBJDUMP='/usr/lib/gcc/x86_64-lfs-linux-gnu/12.2.0/../../../../x86_64-lfs-linux-gnu/bin/objdump'
OBJEXT='o'
PACKAGE_BUGREPORT='https://sourceware.org/bugzilla/'
PACKAGE_NAME='GNU C Library'
PACKAGE_STRING='GNU C Library (see version.h)'
PACKAGE_TARNAME='glibc'
PACKAGE_URL='https://www.gnu.org/software/glibc/'
PACKAGE_VERSION='(see version.h)'
PATH_SEPARATOR=':'
PERL='/usr/bin/perl'
PKGVERSION='(GNU libc) '
PKGVERSION_TEXI='(GNU libc) '
PYTHON='python3 -B'
PYTHON_PROG='python3'
READELF='/usr/lib/gcc/x86_64-lfs-linux-gnu/12.2.0/../../../../x86_64-lfs-linux-gnu/bin/readelf'
RELEASE='stable'
REPORT_BUGS_TEXI='@uref{https://www.gnu.org/software/libc/bugs.html}'
REPORT_BUGS_TO='<https://www.gnu.org/software/libc/bugs.html>'
SED='sed'
SHELL='/bin/sh'
SYSINCLUDES='-nostdinc -isystem /usr/lib/gcc/x86_64-lfs-linux-gnu/12.2.0/include -isystem /usr/lib/gcc/x86_64-lfs-linux-gnu/12.2.0/include-fixed -isystem /usr/include'
VERSION='2.37'
ac_ct_CC='gcc'
ac_ct_CXX='g++'
all_warnings=''
base_machine='x86_64'
bindir='${exec_prefix}/bin'
bindnow='no'
build='x86_64-pc-linux-gnu'
build_alias=''
build_cpu='x86_64'
build_crypt='yes'
build_nscd='yes'
build_os='linux-gnu'
build_pt_chown='no'
build_vendor='pc'
cross_compiling='no'
datadir='${datarootdir}'
datarootdir='${prefix}/share'
docdir='${datarootdir}/doc/${PACKAGE_TARNAME}'
dvidir='${docdir}'
enable_timezone_tools='yes'
enable_werror='no'
exec_prefix='${prefix}'
experimental_malloc='yes'
extra_nonshared_cflags=''
force_install='yes'
hardcoded_path_in_tests='no'
have_libaudit=''
have_libcap=''
have_selinux='no'
have_tunables='yes'
host='x86_64-pc-linux-gnu'
host_alias=''
host_cpu='x86_64'
host_os='linux-gnu'
host_vendor='pc'
htmldir='${docdir}'
includedir='${prefix}/include'
infodir='${datarootdir}/info'
ldd_rewrite_script='sysdeps/unix/sysv/linux/x86_64/ldd-rewrite.sed'
libc_cv_cc_loop_to_function='yes'
libc_cv_cc_nofma='-ffp-contract=off'
libc_cv_cc_submachine=''
libc_cv_cc_with_libunwind='no'
libc_cv_complocaledir=''
libc_cv_cxx_thread_local='yes'
libc_cv_fpie='yes'
libc_cv_gcc_unwind_find_fde='no'
libc_cv_has_glob_dat='yes'
libc_cv_insert='yes'
libc_cv_localstatedir='/var'
libc_cv_mtls_dialect_gnu2='yes'
libc_cv_multidir='.'
libc_cv_nss_crypt='no'
libc_cv_protected_data='no'
libc_cv_rootsbindir='/sbin'
libc_cv_rtlddir=''
libc_cv_slibdir='/usr/lib'
libc_cv_ssp='yes'
libc_cv_static_nss_crypt='no'
libc_cv_sysconfdir='/etc'
libc_cv_textrel_ifunc='yes'
libc_cv_with_fp='yes'
libc_cv_z_execstack='yes'
libc_extra_cflags=''
libc_extra_cppflags=''
libdir='${exec_prefix}/lib'
libexecdir='${exec_prefix}/libexec'
localedir='${datarootdir}/locale'
localstatedir='${prefix}/var'
mach_interface_list=''
mandir='${datarootdir}/man'
memory_tagging='no'
multi_arch='default'
no_stack_protector='-fno-stack-protector -DSTACK_PROTECTOR_LEVEL=0'
oldincludedir='/usr/include'
pdfdir='${docdir}'
prefix='/usr'
profile='no'
program_transform_name='s,x,x,'
psdir='${docdir}'
pthread_in_libc='yes'
rtld_early_cflags=''
sbindir='${exec_prefix}/sbin'
shared='yes'
sharedstatedir='${prefix}/com'
stack_protector='-fstack-protector-strong'
static=''
static_nss='no'
subdirs=' '
submachine=''
sysconfdir='${prefix}/etc'
sysheaders='/usr/include'
sysnames=' sysdeps/unix/sysv/linux/x86_64/64 sysdeps/unix/sysv/linux/x86_64 sysdeps/unix/sysv/linux/x86 sysdeps/x86/nptl sysdeps/unix/sysv/linux/wordsize-64 sysdeps/x86_64/nptl sysdeps/unix/sysv/linux sysdeps/nptl sysdeps/pthread sysdeps/gnu sysdeps/unix/inet sysdeps/unix/sysv sysdeps/unix/x86_64 sysdeps/unix sysdeps/posix sysdeps/x86_64/64 sysdeps/x86_64/fpu/multiarch sysdeps/x86_64/fpu sysdeps/x86/fpu sysdeps/x86_64/multiarch sysdeps/x86_64 sysdeps/x86 sysdeps/ieee754/float128 sysdeps/ieee754/ldbl-96 sysdeps/ieee754/dbl-64 sysdeps/ieee754/flt-32 sysdeps/wordsize-64 sysdeps/ieee754 sysdeps/generic'
target_alias=''
use_default_link='no'
use_ldconfig='yes'
use_nscd='yes'

## ----------- ##
## confdefs.h. ##
## ----------- ##

/* confdefs.h */
#define PACKAGE_NAME "GNU C Library"
#define PACKAGE_TARNAME "glibc"
#define PACKAGE_VERSION "(see version.h)"
#define PACKAGE_STRING "GNU C Library (see version.h)"
#define PACKAGE_BUGREPORT "https://sourceware.org/bugzilla/"
#define PACKAGE_URL "https://www.gnu.org/software/glibc/"
#define PKGVERSION "(GNU libc) "
#define REPORT_BUGS_TO "<https://www.gnu.org/software/libc/bugs.html>"
#define TIMEOUTFACTOR 1
#define HAVE_TUNABLES 1
#define USE_PPC_SCV 1
#define HAVE_CC_NO_STACK_PROTECTOR 1
#define STACK_PROTECTOR_LEVEL 3
#define HAVE_GNU_RETAIN 1
#define USE_MULTIARCH 1
#define HAVE_ASM_SET_DIRECTIVE 1
#define HAVE_BUILTIN_MEMSET 1
#define HAVE_CC_INHIBIT_LOOP_TO_LIBCALL 1
#define HAVE_BUILTIN_TRAP 1
#define __LINUX_KERNEL_VERSION (3 * 65536 + 2 * 256 + 0)
#define __LINUX_KERNEL_VERSION_STR "3.2.0"
#define __ABI_TAG_VERSION 3,2,0
#define HAVE_INLINED_SYSCALLS 1
#define INCLUDE_X86_ISA_LEVEL 1
#define SUPPORT_STATIC_PIE 1
#define HAVE_IFUNC 1
#define HAVE_GCC_IFUNC 1
#define USE_NSCD 1
#define USE_LDCONFIG 1
#define ENABLE_STATIC_PIE 1
#define PTHREAD_IN_LIBC 1

configure: exit 0
